app/build/intermediates/manifest_merge_blame_file/debug/manifest-merger-blame-debug-report.txt
1<?xml version="1.0" encoding="utf-8"?>
2<manifest xmlns:android="http://schemas.android.com/apk/res/android"
3    package="com.s22010189.pil_pal"
4    android:versionCode="1"
5    android:versionName="1.15" >
6
7    <uses-sdk
8        android:minSdkVersion="24"
9        android:targetSdkVersion="34" />
10
11    <uses-feature
11-->src\main\AndroidManifest.xml:5:5-7:36
12        android:name="android.hardware.camera"
12-->src\main\AndroidManifest.xml:6:9-47
13        android:required="false" />
13-->src\main\AndroidManifest.xml:7:9-33
14
15    <uses-permission android:name="android.permission.INTERNET" />
15-->src\main\AndroidManifest.xml:9:5-67
15-->src\main\AndroidManifest.xml:9:22-64
16    <uses-permission android:name="android.permission.ACCESS_NETWORK_STATE" />
16-->src\main\AndroidManifest.xml:10:5-79
16-->src\main\AndroidManifest.xml:10:22-76
17    <uses-permission android:name="android.permission.ACCESS_FINE_LOCATION" />
17-->src\main\AndroidManifest.xml:11:5-79
17-->src\main\AndroidManifest.xml:11:22-76
18    <uses-permission android:name="android.permission.ACCESS_COARSE_LOCATION" />
18-->src\main\AndroidManifest.xml:12:5-81
18-->src\main\AndroidManifest.xml:12:22-78
19    <uses-permission android:name="android.permission.ACCESS_BACKGROUND_LOCATION" />
19-->src\main\AndroidManifest.xml:13:5-85
19-->src\main\AndroidManifest.xml:13:22-82
20    <uses-permission android:name="android.permission.ACCESS_LOCATION_EXTRA_COMMANDS" />
20-->src\main\AndroidManifest.xml:14:5-89
20-->src\main\AndroidManifest.xml:14:22-86
21    <uses-permission android:name="android.permission.ACCESS_MEDIA_LOCATION" />
21-->src\main\AndroidManifest.xml:15:5-80
21-->src\main\AndroidManifest.xml:15:22-77
22    <uses-permission android:name="android.permission.POST_NOTIFICATIONS" />
22-->src\main\AndroidManifest.xml:16:5-77
22-->src\main\AndroidManifest.xml:16:22-74
23    <uses-permission android:name="com.google.android.providers.gsf.permission.READ_GSERVICES" />
23-->src\main\AndroidManifest.xml:17:5-98
23-->src\main\AndroidManifest.xml:17:22-95
24    <uses-permission android:name="android.permission.WRITE_EXTERNAL_STORAGE" />
24-->src\main\AndroidManifest.xml:18:5-81
24-->src\main\AndroidManifest.xml:18:22-78
25    <uses-permission android:name="android.permission.CAMERA" />
25-->src\main\AndroidManifest.xml:19:5-65
25-->src\main\AndroidManifest.xml:19:22-62
26    <uses-permission android:name="android.permission.READ_EXTERNAL_STORAGE" />
26-->src\main\AndroidManifest.xml:20:5-80
26-->src\main\AndroidManifest.xml:20:22-77
27    <uses-permission android:name="android.permission.SCHEDULE_EXACT_ALARM" />
27-->src\main\AndroidManifest.xml:21:5-79
27-->src\main\AndroidManifest.xml:21:22-76
28
29    <uses-feature
29-->[com.google.android.gms:play-services-maps:19.0.0] AndroidManifest.xml:26:5-28:35
30        android:glEsVersion="0x00020000"
30-->[com.google.android.gms:play-services-maps:19.0.0] AndroidManifest.xml:27:9-41
31        android:required="true" />
31-->[com.google.android.gms:play-services-maps:19.0.0] AndroidManifest.xml:28:9-32
32
33    <queries>
33-->[com.google.android.gms:play-services-maps:19.0.0] AndroidManifest.xml:30:5-34:15
34
35        <!-- Needs to be explicitly declared on Android R+ -->
36        <package android:name="com.google.android.apps.maps" />
36-->[com.google.android.gms:play-services-maps:19.0.0] AndroidManifest.xml:33:9-64
36-->[com.google.android.gms:play-services-maps:19.0.0] AndroidManifest.xml:33:18-61
37    </queries>
38
39    <uses-permission android:name="android.permission.WAKE_LOCK" />
39-->[com.google.android.gms:play-services-measurement:22.2.0] AndroidManifest.xml:25:5-68
39-->[com.google.android.gms:play-services-measurement:22.2.0] AndroidManifest.xml:25:22-65
40    <uses-permission android:name="com.google.android.finsky.permission.BIND_GET_INSTALL_REFERRER_SERVICE" />
40-->[com.google.android.gms:play-services-measurement:22.2.0] AndroidManifest.xml:26:5-110
40-->[com.google.android.gms:play-services-measurement:22.2.0] AndroidManifest.xml:26:22-107
41    <uses-permission android:name="com.google.android.gms.permission.AD_ID" />
41-->[com.google.android.gms:play-services-measurement-impl:22.2.0] AndroidManifest.xml:27:5-79
41-->[com.google.android.gms:play-services-measurement-impl:22.2.0] AndroidManifest.xml:27:22-76
42    <uses-permission android:name="android.permission.ACCESS_ADSERVICES_ATTRIBUTION" />
42-->[com.google.android.gms:play-services-measurement-api:22.2.0] AndroidManifest.xml:26:5-88
42-->[com.google.android.gms:play-services-measurement-api:22.2.0] AndroidManifest.xml:26:22-85
43    <uses-permission android:name="android.permission.ACCESS_ADSERVICES_AD_ID" />
43-->[com.google.android.gms:play-services-measurement-api:22.2.0] AndroidManifest.xml:27:5-82
43-->[com.google.android.gms:play-services-measurement-api:22.2.0] AndroidManifest.xml:27:22-79
44
45    <permission
45-->[androidx.core:core:1.13.0] AndroidManifest.xml:22:5-24:47
46        android:name="com.s22010189.pil_pal.DYNAMIC_RECEIVER_NOT_EXPORTED_PERMISSION"
46-->[androidx.core:core:1.13.0] AndroidManifest.xml:23:9-81
47        android:protectionLevel="signature" />
47-->[androidx.core:core:1.13.0] AndroidManifest.xml:24:9-44
48
49    <uses-permission android:name="com.s22010189.pil_pal.DYNAMIC_RECEIVER_NOT_EXPORTED_PERMISSION" />
49-->[androidx.core:core:1.13.0] AndroidManifest.xml:26:5-97
49-->[androidx.core:core:1.13.0] AndroidManifest.xml:26:22-94
50
51    <application
51-->src\main\AndroidManifest.xml:23:5-151:19
52        android:allowBackup="true"
52-->src\main\AndroidManifest.xml:24:9-35
53        android:appComponentFactory="androidx.core.app.CoreComponentFactory"
53-->[androidx.core:core:1.13.0] AndroidManifest.xml:28:18-86
54        android:dataExtractionRules="@xml/data_extraction_rules"
54-->src\main\AndroidManifest.xml:25:9-65
55        android:debuggable="true"
56        android:extractNativeLibs="false"
57        android:fullBackupContent="@xml/backup_rules"
57-->src\main\AndroidManifest.xml:26:9-54
58        android:icon="@drawable/logi"
58-->src\main\AndroidManifest.xml:27:9-38
59        android:label="@string/app_name"
59-->src\main\AndroidManifest.xml:28:9-41
60        android:roundIcon="@drawable/logi"
60-->src\main\AndroidManifest.xml:29:9-43
61        android:supportsRtl="true"
61-->src\main\AndroidManifest.xml:30:9-35
62        android:testOnly="true"
63        android:theme="@style/Theme.PilPal" >
63-->src\main\AndroidManifest.xml:31:9-44
64        <activity
64-->src\main\AndroidManifest.xml:33:9-35:40
65            android:name="com.s22010189.pil_pal.ResetPasswordOTP"
65-->src\main\AndroidManifest.xml:34:13-45
66            android:exported="false" />
66-->src\main\AndroidManifest.xml:35:13-37
67        <activity
67-->src\main\AndroidManifest.xml:36:9-38:40
68            android:name="com.s22010189.pil_pal.ResetPassword"
68-->src\main\AndroidManifest.xml:37:13-42
69            android:exported="false" />
69-->src\main\AndroidManifest.xml:38:13-37
70        <activity
70-->src\main\AndroidManifest.xml:39:9-42:52
71            android:name="com.s22010189.pil_pal.ImportantNumbers"
71-->src\main\AndroidManifest.xml:40:13-45
72            android:exported="false"
72-->src\main\AndroidManifest.xml:41:13-37
73            android:screenOrientation="portrait" />
73-->src\main\AndroidManifest.xml:42:13-49
74        <activity
74-->src\main\AndroidManifest.xml:43:9-46:52
75            android:name="com.s22010189.pil_pal.ProfileViewPharmacist"
75-->src\main\AndroidManifest.xml:44:13-50
76            android:exported="false"
76-->src\main\AndroidManifest.xml:45:13-37
77            android:screenOrientation="portrait" />
77-->src\main\AndroidManifest.xml:46:13-49
78        <activity
78-->src\main\AndroidManifest.xml:47:9-50:52
79            android:name="com.s22010189.pil_pal.ProfileViewUser"
79-->src\main\AndroidManifest.xml:48:13-44
80            android:exported="false"
80-->src\main\AndroidManifest.xml:49:13-37
81            android:screenOrientation="portrait" />
81-->src\main\AndroidManifest.xml:50:13-49
82        <activity
82-->src\main\AndroidManifest.xml:51:9-54:52
83            android:name="com.s22010189.pil_pal.ShareImage"
83-->src\main\AndroidManifest.xml:52:13-39
84            android:exported="false"
84-->src\main\AndroidManifest.xml:53:13-37
85            android:screenOrientation="portrait" />
85-->src\main\AndroidManifest.xml:54:13-49
86        <activity
86-->src\main\AndroidManifest.xml:55:9-58:52
87            android:name="com.s22010189.pil_pal.DrugMap"
87-->src\main\AndroidManifest.xml:56:13-36
88            android:exported="false"
88-->src\main\AndroidManifest.xml:57:13-37
89            android:screenOrientation="portrait" />
89-->src\main\AndroidManifest.xml:58:13-49
90        <activity
90-->src\main\AndroidManifest.xml:59:9-62:52
91            android:name="com.s22010189.pil_pal.ViewPharmaceuticals"
91-->src\main\AndroidManifest.xml:60:13-48
92            android:exported="false"
92-->src\main\AndroidManifest.xml:61:13-37
93            android:screenOrientation="portrait" />
93-->src\main\AndroidManifest.xml:62:13-49
94        <activity
94-->src\main\AndroidManifest.xml:63:9-66:52
95            android:name="com.s22010189.pil_pal.AddPharmaceuticals"
95-->src\main\AndroidManifest.xml:64:13-47
96            android:exported="false"
96-->src\main\AndroidManifest.xml:65:13-37
97            android:screenOrientation="portrait" />
97-->src\main\AndroidManifest.xml:66:13-49
98        <activity
98-->src\main\AndroidManifest.xml:67:9-70:52
99            android:name="com.s22010189.pil_pal.PharmacistSignUpSupport"
99-->src\main\AndroidManifest.xml:68:13-52
100            android:exported="false"
100-->src\main\AndroidManifest.xml:69:13-37
101            android:screenOrientation="portrait" />
101-->src\main\AndroidManifest.xml:70:13-49
102        <activity
102-->src\main\AndroidManifest.xml:71:9-74:52
103            android:name="com.s22010189.pil_pal.SavedDrugs"
103-->src\main\AndroidManifest.xml:72:13-39
104            android:exported="false"
104-->src\main\AndroidManifest.xml:73:13-37
105            android:screenOrientation="portrait" />
105-->src\main\AndroidManifest.xml:74:13-49
106        <activity
106-->src\main\AndroidManifest.xml:75:9-78:52
107            android:name="com.s22010189.pil_pal.DrugDetails"
107-->src\main\AndroidManifest.xml:76:13-40
108            android:exported="false"
108-->src\main\AndroidManifest.xml:77:13-37
109            android:screenOrientation="portrait" />
109-->src\main\AndroidManifest.xml:78:13-49
110        <activity
110-->src\main\AndroidManifest.xml:79:9-82:52
111            android:name="com.s22010189.pil_pal.StepCounter"
111-->src\main\AndroidManifest.xml:80:13-40
112            android:exported="false"
112-->src\main\AndroidManifest.xml:81:13-37
113            android:screenOrientation="portrait" />
113-->src\main\AndroidManifest.xml:82:13-49
114        <activity
114-->src\main\AndroidManifest.xml:83:9-86:52
115            android:name="com.s22010189.pil_pal.PilTracker"
115-->src\main\AndroidManifest.xml:84:13-39
116            android:exported="true"
116-->src\main\AndroidManifest.xml:85:13-36
117            android:screenOrientation="portrait" />
117-->src\main\AndroidManifest.xml:86:13-49
118        <activity
118-->src\main\AndroidManifest.xml:87:9-89:40
119            android:name="com.s22010189.pil_pal.DashboardPharmacist"
119-->src\main\AndroidManifest.xml:88:13-48
120            android:exported="false" />
120-->src\main\AndroidManifest.xml:89:13-37
121        <activity
121-->src\main\AndroidManifest.xml:90:9-92:40
122            android:name="com.s22010189.pil_pal.MapPage"
122-->src\main\AndroidManifest.xml:91:13-36
123            android:exported="false" />
123-->src\main\AndroidManifest.xml:92:13-37
124        <activity
124-->src\main\AndroidManifest.xml:93:9-96:52
125            android:name="com.s22010189.pil_pal.PharmacistSignIn"
125-->src\main\AndroidManifest.xml:94:13-45
126            android:exported="false"
126-->src\main\AndroidManifest.xml:95:13-37
127            android:screenOrientation="portrait" />
127-->src\main\AndroidManifest.xml:96:13-49
128        <activity
128-->src\main\AndroidManifest.xml:97:9-101:55
129            android:name="com.s22010189.pil_pal.DashboardUser"
129-->src\main\AndroidManifest.xml:98:13-42
130            android:exported="false"
130-->src\main\AndroidManifest.xml:99:13-37
131            android:screenOrientation="portrait"
131-->src\main\AndroidManifest.xml:100:13-49
132            android:windowSoftInputMode="adjustPan" />
132-->src\main\AndroidManifest.xml:101:13-52
133        <activity
133-->src\main\AndroidManifest.xml:102:9-105:52
134            android:name="com.s22010189.pil_pal.UserSignUp"
134-->src\main\AndroidManifest.xml:103:13-39
135            android:exported="false"
135-->src\main\AndroidManifest.xml:104:13-37
136            android:screenOrientation="portrait" />
136-->src\main\AndroidManifest.xml:105:13-49
137        <activity
137-->src\main\AndroidManifest.xml:106:9-108:40
138            android:name="com.s22010189.pil_pal.data.Siginface"
138-->src\main\AndroidManifest.xml:107:13-43
139            android:exported="false" />
139-->src\main\AndroidManifest.xml:108:13-37
140        <activity
140-->src\main\AndroidManifest.xml:109:9-111:40
141            android:name="com.s22010189.pil_pal.data.Login"
141-->src\main\AndroidManifest.xml:110:13-39
142            android:exported="false" />
142-->src\main\AndroidManifest.xml:111:13-37
143        <activity
143-->src\main\AndroidManifest.xml:112:9-114:40
144            android:name="com.s22010189.pil_pal.data.Loginpage"
144-->src\main\AndroidManifest.xml:113:13-43
145            android:exported="false" />
145-->src\main\AndroidManifest.xml:114:13-37
146        <activity
146-->src\main\AndroidManifest.xml:115:9-118:60
147            android:name="com.s22010189.pil_pal.ui.login.LoginActivity"
147-->src\main\AndroidManifest.xml:116:13-51
148            android:exported="false"
148-->src\main\AndroidManifest.xml:117:13-37
149            android:label="@string/title_activity_login" />
149-->src\main\AndroidManifest.xml:118:13-57
150        <activity
150-->src\main\AndroidManifest.xml:119:9-122:52
151            android:name="com.s22010189.pil_pal.PharmacistSignUp"
151-->src\main\AndroidManifest.xml:120:13-45
152            android:exported="false"
152-->src\main\AndroidManifest.xml:121:13-37
153            android:screenOrientation="portrait" />
153-->src\main\AndroidManifest.xml:122:13-49
154        <activity
154-->src\main\AndroidManifest.xml:123:9-132:20
155            android:name="com.s22010189.pil_pal.UserSignIn"
155-->src\main\AndroidManifest.xml:124:13-39
156            android:exported="true"
156-->src\main\AndroidManifest.xml:125:13-36
157            android:screenOrientation="portrait" >
157-->src\main\AndroidManifest.xml:126:13-49
158            <intent-filter>
158-->src\main\AndroidManifest.xml:127:13-131:29
159                <action android:name="android.intent.action.MAIN" />
159-->src\main\AndroidManifest.xml:128:17-69
159-->src\main\AndroidManifest.xml:128:25-66
160
161                <category android:name="android.intent.category.LAUNCHER" />
161-->src\main\AndroidManifest.xml:130:17-77
161-->src\main\AndroidManifest.xml:130:27-74
162            </intent-filter>
163        </activity>
164
165        <meta-data
165-->src\main\AndroidManifest.xml:134:9-136:50
166            android:name="com.google.android.geo.API_KEY"
166-->src\main\AndroidManifest.xml:135:13-58
167            android:value="@string/my_api_key" />
167-->src\main\AndroidManifest.xml:136:13-47
168
169        <provider
169-->src\main\AndroidManifest.xml:138:9-146:20
170            android:name="androidx.core.content.FileProvider"
170-->src\main\AndroidManifest.xml:139:13-62
171            android:authorities="com.s22010189.pil_pal.fileprovider"
171-->src\main\AndroidManifest.xml:140:13-69
172            android:exported="false"
172-->src\main\AndroidManifest.xml:141:13-37
173            android:grantUriPermissions="true" >
173-->src\main\AndroidManifest.xml:142:13-47
174            <meta-data
174-->src\main\AndroidManifest.xml:143:13-145:54
175                android:name="android.support.FILE_PROVIDER_PATHS"
175-->src\main\AndroidManifest.xml:144:17-67
176                android:resource="@xml/file_paths" />
176-->src\main\AndroidManifest.xml:145:17-51
177        </provider>
178
179        <receiver
179-->src\main\AndroidManifest.xml:148:9-150:40
180            android:name="com.s22010189.pil_pal.NotificationReceiver"
180-->src\main\AndroidManifest.xml:149:13-49
181            android:exported="false" />
181-->src\main\AndroidManifest.xml:150:13-37
182
183        <service
183-->[com.google.firebase:firebase-firestore:25.1.1] AndroidManifest.xml:14:9-23:19
184            android:name="com.google.firebase.components.ComponentDiscoveryService"
184-->[com.google.firebase:firebase-firestore:25.1.1] AndroidManifest.xml:15:13-84
185            android:directBootAware="true"
185-->[com.google.firebase:firebase-common:21.0.0] AndroidManifest.xml:32:13-43
186            android:exported="false" >
186-->[com.google.firebase:firebase-firestore:25.1.1] AndroidManifest.xml:16:13-37
187            <meta-data
187-->[com.google.firebase:firebase-firestore:25.1.1] AndroidManifest.xml:17:13-19:85
188                android:name="com.google.firebase.components:com.google.firebase.firestore.FirebaseFirestoreKtxRegistrar"
188-->[com.google.firebase:firebase-firestore:25.1.1] AndroidManifest.xml:18:17-122
189                android:value="com.google.firebase.components.ComponentRegistrar" />
189-->[com.google.firebase:firebase-firestore:25.1.1] AndroidManifest.xml:19:17-82
190            <meta-data
190-->[com.google.firebase:firebase-firestore:25.1.1] AndroidManifest.xml:20:13-22:85
191                android:name="com.google.firebase.components:com.google.firebase.firestore.FirestoreRegistrar"
191-->[com.google.firebase:firebase-firestore:25.1.1] AndroidManifest.xml:21:17-111
192                android:value="com.google.firebase.components.ComponentRegistrar" />
192-->[com.google.firebase:firebase-firestore:25.1.1] AndroidManifest.xml:22:17-82
193            <meta-data
193-->[com.google.firebase:firebase-storage:21.0.1] AndroidManifest.xml:30:13-32:85
194                android:name="com.google.firebase.components:com.google.firebase.storage.FirebaseStorageKtxRegistrar"
194-->[com.google.firebase:firebase-storage:21.0.1] AndroidManifest.xml:31:17-118
195                android:value="com.google.firebase.components.ComponentRegistrar" />
195-->[com.google.firebase:firebase-storage:21.0.1] AndroidManifest.xml:32:17-82
196            <meta-data
196-->[com.google.firebase:firebase-storage:21.0.1] AndroidManifest.xml:33:13-35:85
197                android:name="com.google.firebase.components:com.google.firebase.storage.StorageRegistrar"
197-->[com.google.firebase:firebase-storage:21.0.1] AndroidManifest.xml:34:17-107
198                android:value="com.google.firebase.components.ComponentRegistrar" />
198-->[com.google.firebase:firebase-storage:21.0.1] AndroidManifest.xml:35:17-82
199            <meta-data
199-->[com.google.firebase:firebase-database:21.0.0] AndroidManifest.xml:29:13-31:85
200                android:name="com.google.firebase.components:com.google.firebase.database.FirebaseDatabaseKtxRegistrar"
200-->[com.google.firebase:firebase-database:21.0.0] AndroidManifest.xml:30:17-120
201                android:value="com.google.firebase.components.ComponentRegistrar" />
201-->[com.google.firebase:firebase-database:21.0.0] AndroidManifest.xml:31:17-82
202            <meta-data
202-->[com.google.firebase:firebase-database:21.0.0] AndroidManifest.xml:32:13-34:85
203                android:name="com.google.firebase.components:com.google.firebase.database.DatabaseRegistrar"
203-->[com.google.firebase:firebase-database:21.0.0] AndroidManifest.xml:33:17-109
204                android:value="com.google.firebase.components.ComponentRegistrar" />
204-->[com.google.firebase:firebase-database:21.0.0] AndroidManifest.xml:34:17-82
205            <meta-data
205-->[com.google.firebase:firebase-auth:23.1.0] AndroidManifest.xml:69:13-71:85
206                android:name="com.google.firebase.components:com.google.firebase.auth.FirebaseAuthRegistrar"
206-->[com.google.firebase:firebase-auth:23.1.0] AndroidManifest.xml:70:17-109
207                android:value="com.google.firebase.components.ComponentRegistrar" />
207-->[com.google.firebase:firebase-auth:23.1.0] AndroidManifest.xml:71:17-82
208            <meta-data
208-->[com.google.firebase:firebase-appcheck:18.0.0] AndroidManifest.xml:25:13-27:85
209                android:name="com.google.firebase.components:com.google.firebase.appcheck.FirebaseAppCheckKtxRegistrar"
209-->[com.google.firebase:firebase-appcheck:18.0.0] AndroidManifest.xml:26:17-120
210                android:value="com.google.firebase.components.ComponentRegistrar" />
210-->[com.google.firebase:firebase-appcheck:18.0.0] AndroidManifest.xml:27:17-82
211            <meta-data
211-->[com.google.firebase:firebase-appcheck:18.0.0] AndroidManifest.xml:28:13-30:85
212                android:name="com.google.firebase.components:com.google.firebase.appcheck.FirebaseAppCheckRegistrar"
212-->[com.google.firebase:firebase-appcheck:18.0.0] AndroidManifest.xml:29:17-117
213                android:value="com.google.firebase.components.ComponentRegistrar" />
213-->[com.google.firebase:firebase-appcheck:18.0.0] AndroidManifest.xml:30:17-82
214            <meta-data
214-->[com.google.android.gms:play-services-measurement-api:22.2.0] AndroidManifest.xml:33:13-35:85
215                android:name="com.google.firebase.components:com.google.firebase.analytics.connector.internal.AnalyticsConnectorRegistrar"
215-->[com.google.android.gms:play-services-measurement-api:22.2.0] AndroidManifest.xml:34:17-139
216                android:value="com.google.firebase.components.ComponentRegistrar" />
216-->[com.google.android.gms:play-services-measurement-api:22.2.0] AndroidManifest.xml:35:17-82
217            <meta-data
217-->[com.google.firebase:firebase-installations:18.0.0] AndroidManifest.xml:15:13-17:85
218                android:name="com.google.firebase.components:com.google.firebase.installations.FirebaseInstallationsKtxRegistrar"
218-->[com.google.firebase:firebase-installations:18.0.0] AndroidManifest.xml:16:17-130
219                android:value="com.google.firebase.components.ComponentRegistrar" />
219-->[com.google.firebase:firebase-installations:18.0.0] AndroidManifest.xml:17:17-82
220            <meta-data
220-->[com.google.firebase:firebase-installations:18.0.0] AndroidManifest.xml:18:13-20:85
221                android:name="com.google.firebase.components:com.google.firebase.installations.FirebaseInstallationsRegistrar"
221-->[com.google.firebase:firebase-installations:18.0.0] AndroidManifest.xml:19:17-127
222                android:value="com.google.firebase.components.ComponentRegistrar" />
222-->[com.google.firebase:firebase-installations:18.0.0] AndroidManifest.xml:20:17-82
223            <meta-data
223-->[com.google.firebase:firebase-common-ktx:21.0.0] AndroidManifest.xml:12:13-14:85
224                android:name="com.google.firebase.components:com.google.firebase.ktx.FirebaseCommonLegacyRegistrar"
224-->[com.google.firebase:firebase-common-ktx:21.0.0] AndroidManifest.xml:13:17-116
225                android:value="com.google.firebase.components.ComponentRegistrar" />
225-->[com.google.firebase:firebase-common-ktx:21.0.0] AndroidManifest.xml:14:17-82
226            <meta-data
226-->[com.google.firebase:firebase-common:21.0.0] AndroidManifest.xml:35:13-37:85
227                android:name="com.google.firebase.components:com.google.firebase.FirebaseCommonKtxRegistrar"
227-->[com.google.firebase:firebase-common:21.0.0] AndroidManifest.xml:36:17-109
228                android:value="com.google.firebase.components.ComponentRegistrar" />
228-->[com.google.firebase:firebase-common:21.0.0] AndroidManifest.xml:37:17-82
229        </service>
230
231        <activity
231-->[com.google.firebase:firebase-auth:23.1.0] AndroidManifest.xml:29:9-46:20
232            android:name="com.google.firebase.auth.internal.GenericIdpActivity"
232-->[com.google.firebase:firebase-auth:23.1.0] AndroidManifest.xml:30:13-80
233            android:excludeFromRecents="true"
233-->[com.google.firebase:firebase-auth:23.1.0] AndroidManifest.xml:31:13-46
234            android:exported="true"
234-->[com.google.firebase:firebase-auth:23.1.0] AndroidManifest.xml:32:13-36
235            android:launchMode="singleTask"
235-->[com.google.firebase:firebase-auth:23.1.0] AndroidManifest.xml:33:13-44
236            android:theme="@android:style/Theme.Translucent.NoTitleBar" >
236-->[com.google.firebase:firebase-auth:23.1.0] AndroidManifest.xml:34:13-72
237            <intent-filter>
237-->[com.google.firebase:firebase-auth:23.1.0] AndroidManifest.xml:35:13-45:29
238                <action android:name="android.intent.action.VIEW" />
238-->[com.google.firebase:firebase-auth:23.1.0] AndroidManifest.xml:36:17-69
238-->[com.google.firebase:firebase-auth:23.1.0] AndroidManifest.xml:36:25-66
239
240                <category android:name="android.intent.category.DEFAULT" />
240-->[com.google.firebase:firebase-auth:23.1.0] AndroidManifest.xml:38:17-76
240-->[com.google.firebase:firebase-auth:23.1.0] AndroidManifest.xml:38:27-73
241                <category android:name="android.intent.category.BROWSABLE" />
241-->[com.google.firebase:firebase-auth:23.1.0] AndroidManifest.xml:39:17-78
241-->[com.google.firebase:firebase-auth:23.1.0] AndroidManifest.xml:39:27-75
242
243                <data
243-->[com.google.firebase:firebase-auth:23.1.0] AndroidManifest.xml:41:17-44:51
244                    android:host="firebase.auth"
244-->[com.google.firebase:firebase-auth:23.1.0] AndroidManifest.xml:42:21-49
245                    android:path="/"
245-->[com.google.firebase:firebase-auth:23.1.0] AndroidManifest.xml:43:21-37
246                    android:scheme="genericidp" />
246-->[com.google.firebase:firebase-auth:23.1.0] AndroidManifest.xml:44:21-48
247            </intent-filter>
248        </activity>
249        <activity
249-->[com.google.firebase:firebase-auth:23.1.0] AndroidManifest.xml:47:9-64:20
250            android:name="com.google.firebase.auth.internal.RecaptchaActivity"
250-->[com.google.firebase:firebase-auth:23.1.0] AndroidManifest.xml:48:13-79
251            android:excludeFromRecents="true"
251-->[com.google.firebase:firebase-auth:23.1.0] AndroidManifest.xml:49:13-46
252            android:exported="true"
252-->[com.google.firebase:firebase-auth:23.1.0] AndroidManifest.xml:50:13-36
253            android:launchMode="singleTask"
253-->[com.google.firebase:firebase-auth:23.1.0] AndroidManifest.xml:51:13-44
254            android:theme="@android:style/Theme.Translucent.NoTitleBar" >
254-->[com.google.firebase:firebase-auth:23.1.0] AndroidManifest.xml:52:13-72
255            <intent-filter>
255-->[com.google.firebase:firebase-auth:23.1.0] AndroidManifest.xml:53:13-63:29
256                <action android:name="android.intent.action.VIEW" />
256-->[com.google.firebase:firebase-auth:23.1.0] AndroidManifest.xml:36:17-69
256-->[com.google.firebase:firebase-auth:23.1.0] AndroidManifest.xml:36:25-66
257
258                <category android:name="android.intent.category.DEFAULT" />
258-->[com.google.firebase:firebase-auth:23.1.0] AndroidManifest.xml:38:17-76
258-->[com.google.firebase:firebase-auth:23.1.0] AndroidManifest.xml:38:27-73
259                <category android:name="android.intent.category.BROWSABLE" />
259-->[com.google.firebase:firebase-auth:23.1.0] AndroidManifest.xml:39:17-78
259-->[com.google.firebase:firebase-auth:23.1.0] AndroidManifest.xml:39:27-75
260
261                <data
261-->[com.google.firebase:firebase-auth:23.1.0] AndroidManifest.xml:41:17-44:51
262                    android:host="firebase.auth"
262-->[com.google.firebase:firebase-auth:23.1.0] AndroidManifest.xml:42:21-49
263                    android:path="/"
263-->[com.google.firebase:firebase-auth:23.1.0] AndroidManifest.xml:43:21-37
264                    android:scheme="recaptcha" />
264-->[com.google.firebase:firebase-auth:23.1.0] AndroidManifest.xml:44:21-48
265            </intent-filter>
266        </activity> <!-- Needs to be explicitly declared on P+ -->
267        <uses-library
267-->[com.google.android.gms:play-services-maps:19.0.0] AndroidManifest.xml:39:9-41:40
268            android:name="org.apache.http.legacy"
268-->[com.google.android.gms:play-services-maps:19.0.0] AndroidManifest.xml:40:13-50
269            android:required="false" />
269-->[com.google.android.gms:play-services-maps:19.0.0] AndroidManifest.xml:41:13-37
270
271        <service
271-->[androidx.credentials:credentials-play-services-auth:1.2.0-rc01] AndroidManifest.xml:24:9-32:19
272            android:name="androidx.credentials.playservices.CredentialProviderMetadataHolder"
272-->[androidx.credentials:credentials-play-services-auth:1.2.0-rc01] AndroidManifest.xml:25:13-94
273            android:enabled="true"
273-->[androidx.credentials:credentials-play-services-auth:1.2.0-rc01] AndroidManifest.xml:26:13-35
274            android:exported="false" >
274-->[androidx.credentials:credentials-play-services-auth:1.2.0-rc01] AndroidManifest.xml:27:13-37
275            <meta-data
275-->[androidx.credentials:credentials-play-services-auth:1.2.0-rc01] AndroidManifest.xml:29:13-31:104
276                android:name="androidx.credentials.CREDENTIAL_PROVIDER_KEY"
276-->[androidx.credentials:credentials-play-services-auth:1.2.0-rc01] AndroidManifest.xml:30:17-76
277                android:value="androidx.credentials.playservices.CredentialProviderPlayServicesImpl" />
277-->[androidx.credentials:credentials-play-services-auth:1.2.0-rc01] AndroidManifest.xml:31:17-101